[2026-04-10T15:10:09.556Z] GET http://localhost:3001/login.html → 200 (2ms, 3677B)
[2026-04-10T15:10:09.560Z] GET http://localhost:3001/api/tasks/users → 200 (7ms, 268B)
[2026-04-10T15:10:10.124Z] POST http://localhost:3001/api/tasks/login → 200 (1ms, ?B)
[2026-04-10T15:10:10.126Z] GET http://localhost:3001/ → 200 (?ms, 32273B)
[2026-04-10T15:10:10.130Z] GET https://cdn.jsdelivr.net/npm/chart.js@4.4.7/dist/chart.umd.min.js → 200 (493ms, 205889B)
[2026-04-10T15:10:10.130Z] GET http://localhost:3001/odoo-links.js → 200 (1ms, 1545B)
[2026-04-10T15:10:10.130Z] GET http://localhost:3001/auth.js → 200 (1ms, 6865B)
[2026-04-10T15:10:10.130Z] GET http://localhost:3001/chat-widget.js → 200 (1ms, 6980B)
[2026-04-10T15:10:10.629Z] GET http://localhost:3001/api/dashboard/executive-summary → 200 (21ms, 4138B)
[2026-04-10T15:10:10.629Z] GET http://localhost:3001/api/alerts-tasks/health-status → 200 (21ms, 129B)
[2026-04-10T15:10:10.629Z] GET http://localhost:3001/api/alerts-tasks/alerts?resolved=false → 200 (21ms, 2B)
[2026-04-10T15:10:10.629Z] GET http://localhost:3001/api/reporting/cash-flow-series?period=monthly → 200 (80ms, 6132B)
[2026-04-10T15:10:10.629Z] GET http://localhost:3001/api/reporting/revenue-expenses?period=monthly&date_from=2025-04-10&date_to=2026-04-10 → 200 (95ms, 2723B)
[2026-04-10T15:10:10.630Z] GET http://localhost:3001/api/reporting/pnl?period=monthly&date_from=2026-01-01&date_to=2026-04-10 → 200 (94ms, 10447B)
[2026-04-10T15:10:10.630Z] GET http://localhost:3001/api/dashboard/bank-accounts → 200 (83ms, 22898B)
[2026-04-10T15:10:14.299Z] GET http://localhost:3001/cash.html → 200 (1ms, 37157B)
[2026-04-10T15:10:14.303Z] GET https://cdn.jsdelivr.net/npm/chart.js@4.4.7/dist/chart.umd.min.js → 200 (1ms, 205889B)
[2026-04-10T15:10:14.304Z] GET https://cdn.sheetjs.com/xlsx-0.20.0/package/dist/xlsx.full.min.js → pending (?ms, ?B)
[2026-04-10T15:10:14.304Z] GET http://localhost:3001/odoo-links.js → 200 (8ms, 1545B)
[2026-04-10T15:10:14.304Z] GET http://localhost:3001/auth.js → 200 (8ms, 6865B)
[2026-04-10T15:10:14.304Z] GET http://localhost:3001/chat-widget.js → 200 (8ms, 6980B)
[2026-04-10T15:10:15.579Z] GET http://localhost:3001/api/dashboard/snapshots → 200 (5ms, 52B)
[2026-04-10T15:10:15.585Z] GET http://localhost:3001/api/dashboard/cash-balances → 200 (2ms, 23678B)
[2026-04-10T15:10:15.585Z] GET http://localhost:3001/api/dashboard/cash-history?period=monthly&limit=24 → 200 (31ms, 3209B)
[2026-04-10T15:10:15.585Z] GET http://localhost:3001/api/dashboard/bank-accounts?as_of_date=2026-04-10&prior_date=2026-04-10 → 200 (31ms, 23023B)
[2026-04-10T15:10:15.616Z] GET http://localhost:3001/api/dashboard/cash-account-history?period=monthly&limit=24 → 200 (36ms, 158238B)
